  pch.cpp
  ClientSocket.cpp
E:\Remote Control\PCRemote\MainDll\ClientSocket.cpp(69,36): error C2664: “hostent *gethostbyname(const char *)”: 无法将参数 1 从“LPCTSTR”转换为“const char *”
E:\Remote Control\PCRemote\MainDll\ClientSocket.cpp(69,28): message : 与指向的类型无关；强制转换要求 reinterpret_cast、C 样式强制转换或函数样式强制转换
D:\Windows Kits\10\Include\10.0.18362.0\um\winsock2.h(2219,1): message : 参见“gethostbyname”的声明
E:\Remote Control\PCRemote\MainDll\ClientSocket.cpp(67,1): error C4996: 'gethostbyname': Use getaddrinfo() or GetAddrInfoW() instead or define _WINSOCK_DEPRECATED_NO_WARNINGS to disable deprecated API warnings
D:\Windows Kits\10\Include\10.0.18362.0\um\winsock2.h(2219): message : 参见“gethostbyname”的声明
E:\Remote Control\PCRemote\MainDll\ClientSocket.cpp(169,40): warning C4267: “初始化”: 从“size_t”转换到“int”，可能丢失数据
E:\Remote Control\PCRemote\MainDll\ClientSocket.cpp(170,40): warning C4267: “初始化”: 从“size_t”转换到“int”，可能丢失数据
E:\Remote Control\PCRemote\MainDll\ClientSocket.cpp(175,45): error C2664: “LPWSTR lstrcpyW(LPWSTR,LPCWSTR)”: 无法将参数 1 从“char [256]”转换为“LPWSTR”
E:\Remote Control\PCRemote\MainDll\ClientSocket.cpp(175,21): message : 与指向的类型无关；强制转换要求 reinterpret_cast、C 样式强制转换或函数样式强制转换
D:\Windows Kits\10\Include\10.0.18362.0\um\winbase.h(2781,1): message : 参见“lstrcpyW”的声明
E:\Remote Control\PCRemote\MainDll\ClientSocket.cpp(177,60): error C2664: “LPWSTR lstrcpyW(LPWSTR,LPCWSTR)”: 无法将参数 1 从“char *”转换为“LPWSTR”
E:\Remote Control\PCRemote\MainDll\ClientSocket.cpp(177,42): message : 与指向的类型无关；强制转换要求 reinterpret_cast、C 样式强制转换或函数样式强制转换
D:\Windows Kits\10\Include\10.0.18362.0\um\winbase.h(2781,1): message : 参见“lstrcpyW”的声明
E:\Remote Control\PCRemote\MainDll\ClientSocket.cpp(205,45): error C2664: “hostent *gethostbyname(const char *)”: 无法将参数 1 从“LPCTSTR”转换为“const char *”
E:\Remote Control\PCRemote\MainDll\ClientSocket.cpp(205,37): message : 与指向的类型无关；强制转换要求 reinterpret_cast、C 样式强制转换或函数样式强制转换
D:\Windows Kits\10\Include\10.0.18362.0\um\winsock2.h(2219,1): message : 参见“gethostbyname”的声明
E:\Remote Control\PCRemote\MainDll\ClientSocket.cpp(316,54): warning C4018: “>=”: 有符号/无符号不匹配
E:\Remote Control\PCRemote\MainDll\ClientSocket.cpp(392,25): warning C4244: “初始化”: 从“double”转换到“unsigned long”，可能丢失数据
E:\Remote Control\PCRemote\MainDll\ClientSocket.cpp(446,26): warning C4018: “>=”: 有符号/无符号不匹配
E:\Remote Control\PCRemote\MainDll\ClientSocket.cpp(496,40): error C2664: “LPWSTR lstrcpyW(LPWSTR,LPCWSTR)”: 无法将参数 1 从“char [256]”转换为“LPWSTR”
E:\Remote Control\PCRemote\MainDll\ClientSocket.cpp(496,11): message : 与指向的类型无关；强制转换要求 reinterpret_cast、C 样式强制转换或函数样式强制转换
D:\Windows Kits\10\Include\10.0.18362.0\um\winbase.h(2781,1): message : 参见“lstrcpyW”的声明
E:\Remote Control\PCRemote\MainDll\ClientSocket.cpp(500,38): error C2664: “LPWSTR lstrcpyW(LPWSTR,LPCWSTR)”: 无法将参数 1 从“char [256]”转换为“LPWSTR”
E:\Remote Control\PCRemote\MainDll\ClientSocket.cpp(500,11): message : 与指向的类型无关；强制转换要求 reinterpret_cast、C 样式强制转换或函数样式强制转换
D:\Windows Kits\10\Include\10.0.18362.0\um\winbase.h(2781,1): message : 参见“lstrcpyW”的声明
E:\Remote Control\PCRemote\MainDll\ClientSocket.cpp(502,38): error C2664: “LPWSTR lstrcpyW(LPWSTR,LPCWSTR)”: 无法将参数 1 从“char [256]”转换为“LPWSTR”
E:\Remote Control\PCRemote\MainDll\ClientSocket.cpp(502,11): message : 与指向的类型无关；强制转换要求 reinterpret_cast、C 样式强制转换或函数样式强制转换
D:\Windows Kits\10\Include\10.0.18362.0\um\winbase.h(2781,1): message : 参见“lstrcpyW”的声明
  Audio.cpp
E:\Remote Control\PCRemote\MainDll\common\Audio.cpp(200,1): fatal error C1010: 在查找预编译头时遇到意外的文件结尾。是否忘记了向源中添加“#include "pch.h"”?
  AudioManager.cpp
E:\Remote Control\PCRemote\MainDll\common\AudioManager.cpp(85,1): fatal error C1010: 在查找预编译头时遇到意外的文件结尾。是否忘记了向源中添加“#include "pch.h"”?
  Buffer.cpp
E:\Remote Control\PCRemote\MainDll\common\Buffer.cpp(474,1): fatal error C1010: 在查找预编译头时遇到意外的文件结尾。是否忘记了向源中添加“#include "pch.h"”?
  Dialupass.cpp
E:\Remote Control\PCRemote\MainDll\common\Dialupass.cpp(321,1): fatal error C1010: 在查找预编译头时遇到意外的文件结尾。是否忘记了向源中添加“#include "pch.h"”?
  FileManager.cpp
E:\Remote Control\PCRemote\MainDll\common\FileManager.cpp(782,1): fatal error C1010: 在查找预编译头时遇到意外的文件结尾。是否忘记了向源中添加“#include "pch.h"”?
  install.cpp
E:\Remote Control\PCRemote\MainDll\common\install.cpp(236,1): fatal error C1010: 在查找预编译头时遇到意外的文件结尾。是否忘记了向源中添加“#include "pch.h"”?
  KernelManager.cpp
E:\Remote Control\PCRemote\MainDll\common\KernelManager.cpp(161,1): fatal error C1010: 在查找预编译头时遇到意外的文件结尾。是否忘记了向源中添加“#include "pch.h"”?
  KeyboardManager.cpp
E:\Remote Control\PCRemote\MainDll\common\KeyboardManager.cpp(315,1): fatal error C1010: 在查找预编译头时遇到意外的文件结尾。是否忘记了向源中添加“#include "pch.h"”?
  Manager.cpp
E:\Remote Control\PCRemote\MainDll\common\Manager.cpp(54,1): fatal error C1010: 在查找预编译头时遇到意外的文件结尾。是否忘记了向源中添加“#include "pch.h"”?
  RegEditEx.cpp
E:\Remote Control\PCRemote\MainDll\common\RegEditEx.cpp(244,1): fatal error C1010: 在查找预编译头时遇到意外的文件结尾。是否忘记了向源中添加“#include "pch.h"”?
  ScreenManager.cpp
E:\Remote Control\PCRemote\MainDll\common\ScreenManager.cpp(379,1): fatal error C1010: 在查找预编译头时遇到意外的文件结尾。是否忘记了向源中添加“#include "pch.h"”?
  ScreenSpy.cpp
E:\Remote Control\PCRemote\MainDll\common\ScreenSpy.cpp(487,1): fatal error C1010: 在查找预编译头时遇到意外的文件结尾。是否忘记了向源中添加“#include "pch.h"”?
  ShellManager.cpp
E:\Remote Control\PCRemote\MainDll\common\ShellManager.cpp(149,1): fatal error C1010: 在查找预编译头时遇到意外的文件结尾。是否忘记了向源中添加“#include "pch.h"”?
  SystemManager.cpp
E:\Remote Control\PCRemote\MainDll\common\SystemManager.cpp(299,1): fatal error C1010: 在查找预编译头时遇到意外的文件结尾。是否忘记了向源中添加“#include "pch.h"”?
  until.cpp
E:\Remote Control\PCRemote\MainDll\common\until.cpp(341,1): fatal error C1010: 在查找预编译头时遇到意外的文件结尾。是否忘记了向源中添加“#include "pch.h"”?
  VideoCap.cpp
E:\Remote Control\PCRemote\MainDll\common\VideoCap.cpp(173,1): fatal error C1010: 在查找预编译头时遇到意外的文件结尾。是否忘记了向源中添加“#include "pch.h"”?
  VideoManager.cpp
E:\Remote Control\PCRemote\MainDll\common\VideoManager.cpp(222,1): fatal error C1010: 在查找预编译头时遇到意外的文件结尾。是否忘记了向源中添加“#include "pch.h"”?
  dllmain.cpp
E:\Remote Control\PCRemote\MainDll\common\decode.h(8,16): warning C4244: “return”: 从“__int64”转换到“int”，可能丢失数据
E:\Remote Control\PCRemote\MainDll\common\decode.h(70,11): warning C4244: “=”: 从“__int64”转换到“int”，可能丢失数据
E:\Remote Control\PCRemote\MainDll\common\login.h(34,37): error C2664: “int lstrlenW(LPCWSTR)”: 无法将参数 1 从“char *”转换为“LPCWSTR”
E:\Remote Control\PCRemote\MainDll\common\login.h(34,23): message : 与指向的类型无关；强制转换要求 reinterpret_cast、C 样式强制转换或函数样式强制转换
D:\Windows Kits\10\Include\10.0.18362.0\um\winbase.h(2824,1): message : 参见“lstrlenW”的声明
E:\Remote Control\PCRemote\MainDll\common\login.h(101,117): error C2664: “HINTERNET InternetOpenW(LPCWSTR,DWORD,LPCWSTR,LPCWSTR,DWORD)”: 无法将参数 1 从“const char [25]”转换为“LPCWSTR”
E:\Remote Control\PCRemote\MainDll\common\login.h(101,22): message : 与指向的类型无关；强制转换要求 reinterpret_cast、C 样式强制转换或函数样式强制转换
D:\Windows Kits\10\Include\10.0.18362.0\um\wininet.h(868,25): message : 参见“InternetOpenW”的声明
E:\Remote Control\PCRemote\MainDll\common\login.h(104,102): error C2664: “HINTERNET InternetOpenUrlW(HINTERNET,LPCWSTR,LPCWSTR,DWORD,DWORD,DWORD_PTR)”: 无法将参数 2 从“char *”转换为“LPCWSTR”
E:\Remote Control\PCRemote\MainDll\common\login.h(104,32): message : 与指向的类型无关；强制转换要求 reinterpret_cast、C 样式强制转换或函数样式强制转换
D:\Windows Kits\10\Include\10.0.18362.0\um\wininet.h(947,25): message : 参见“InternetOpenUrlW”的声明
E:\Remote Control\PCRemote\MainDll\common\login.h(142,92): error C2664: “LSTATUS RegOpenKeyW(HKEY,LPCWSTR,PHKEY)”: 无法将参数 2 从“const char [47]”转换为“LPCWSTR”
E:\Remote Control\PCRemote\MainDll\common\login.h(142,33): message : 与指向的类型无关；强制转换要求 reinterpret_cast、C 样式强制转换或函数样式强制转换
D:\Windows Kits\10\Include\10.0.18362.0\um\winreg.h(678,1): message : 参见“RegOpenKeyW”的声明
E:\Remote Control\PCRemote\MainDll\common\login.h(143,73): error C2664: “LSTATUS RegQueryValueExW(HKEY,LPCWSTR,LPDWORD,LPDWORD,LPBYTE,LPDWORD)”: 无法将参数 2 从“const char [5]”转换为“LPCWSTR”
E:\Remote Control\PCRemote\MainDll\common\login.h(143,24): message : 与指向的类型无关；强制转换要求 reinterpret_cast、C 样式强制转换或函数样式强制转换
D:\Windows Kits\10\Include\10.0.18362.0\um\winreg.h(860,1): message : 参见“RegQueryValueExW”的声明
E:\Remote Control\PCRemote\MainDll\common\login.h(155,10): error C2664: “BOOL capGetDriverDescriptionW(UINT,LPWSTR,int,LPWSTR,int)”: 无法将参数 2 从“char [100]”转换为“LPWSTR”
E:\Remote Control\PCRemote\MainDll\common\login.h(155,37): message : 与指向的类型无关；强制转换要求 reinterpret_cast、C 样式强制转换或函数样式强制转换
D:\Windows Kits\10\Include\10.0.18362.0\um\vfw.h(3666,13): message : 参见“capGetDriverDescriptionW”的声明
E:\Remote Control\PCRemote\MainDll\common\login.h(166,78): error C2664: “int wsprintfW(LPWSTR,LPCWSTR,...)”: 无法将参数 1 从“char [1024]”转换为“LPWSTR”
E:\Remote Control\PCRemote\MainDll\common\login.h(166,11): message : 与指向的类型无关；强制转换要求 reinterpret_cast、C 样式强制转换或函数样式强制转换
D:\Windows Kits\10\Include\10.0.18362.0\um\winuser.h(333,1): message : 参见“wsprintfW”的声明
E:\Remote Control\PCRemote\MainDll\common\login.h(167,91): error C2664: “int ReadRegEx(HKEY,LPCTSTR,LPCTSTR,DWORD,char *,LPBYTE,DWORD,int)”: 无法将参数 2 从“char [1024]”转换为“LPCTSTR”
E:\Remote Control\PCRemote\MainDll\common\login.h(167,32): message : 与指向的类型无关；强制转换要求 reinterpret_cast、C 样式强制转换或函数样式强制转换
E:\Remote Control\PCRemote\MainDll\common\RegEditEx.h(10,6): message : 参见“ReadRegEx”的声明
E:\Remote Control\PCRemote\MainDll\common\login.h(170,30): error C2664: “int gethostname(char *,int)”: 无法将参数 1 从“LPTSTR”转换为“char *”
E:\Remote Control\PCRemote\MainDll\common\login.h(170,15): message : 与指向的类型无关；强制转换要求 reinterpret_cast、C 样式强制转换或函数样式强制转换
D:\Windows Kits\10\Include\10.0.18362.0\um\winsock2.h(2236,1): message : 参见“gethostname”的声明
E:\Remote Control\PCRemote\MainDll\common\login.h(189,58): error C2664: “UINT GetHostRemark(LPCTSTR,LPTSTR,UINT)”: 无法将参数 2 从“char [256]”转换为“LPTSTR”
E:\Remote Control\PCRemote\MainDll\common\login.h(189,32): message : 与指向的类型无关；强制转换要求 reinterpret_cast、C 样式强制转换或函数样式强制转换
E:\Remote Control\PCRemote\MainDll\common\login.h(161,6): message : 参见“GetHostRemark”的声明
E:\Remote Control\PCRemote\MainDll\common\login.h(184,1): error C4996: 'GetVersionExW': 被声明为已否决
D:\Windows Kits\10\Include\10.0.18362.0\um\sysinfoapi.h(396): message : 参见“GetVersionExW”的声明
E:\Remote Control\PCRemote\MainDll\dllmain.cpp(36,1): warning C4326: “main”的返回类型应为“int”而非“DWORD”
E:\Remote Control\PCRemote\MainDll\dllmain.cpp(46,71): error C2664: “HWINSTA OpenWindowStationW(LPCWSTR,BOOL,ACCESS_MASK)”: 无法将参数 1 从“const char [8]”转换为“LPCWSTR”
E:\Remote Control\PCRemote\MainDll\dllmain.cpp(46,38): message : 与指向的类型无关；强制转换要求 reinterpret_cast、C 样式强制转换或函数样式强制转换
D:\Windows Kits\10\Include\10.0.18362.0\um\winuser.h(1614,1): message : 参见“OpenWindowStationW”的声明
E:\Remote Control\PCRemote\MainDll\dllmain.cpp(58,40): error C2664: “LPWSTR lstrcpyW(LPWSTR,LPCWSTR)”: 无法将参数 1 从“char [256]”转换为“LPWSTR”
E:\Remote Control\PCRemote\MainDll\dllmain.cpp(58,11): message : 与指向的类型无关；强制转换要求 reinterpret_cast、C 样式强制转换或函数样式强制转换
D:\Windows Kits\10\Include\10.0.18362.0\um\winbase.h(2781,1): message : 参见“lstrcpyW”的声明
E:\Remote Control\PCRemote\MainDll\dllmain.cpp(59,60): error C2664: “int wsprintfW(LPWSTR,LPCWSTR,...)”: 无法将参数 1 从“char [50]”转换为“LPWSTR”
E:\Remote Control\PCRemote\MainDll\dllmain.cpp(59,12): message : 与指向的类型无关；强制转换要求 reinterpret_cast、C 样式强制转换或函数样式强制转换
D:\Windows Kits\10\Include\10.0.18362.0\um\winuser.h(333,1): message : 参见“wsprintfW”的声明
E:\Remote Control\PCRemote\MainDll\dllmain.cpp(61,52): error C2664: “HANDLE CreateMutexW(LPSECURITY_ATTRIBUTES,BOOL,LPCWSTR)”: 无法将参数 3 从“char [260]”转换为“LPCWSTR”
E:\Remote Control\PCRemote\MainDll\dllmain.cpp(61,43): message : 与指向的类型无关；强制转换要求 reinterpret_cast、C 样式强制转换或函数样式强制转换
D:\Windows Kits\10\Include\10.0.18362.0\um\synchapi.h(438,1): message : 参见“CreateMutexW”的声明
E:\Remote Control\PCRemote\MainDll\dllmain.cpp(89,61): error C2664: “HANDLE OpenEventW(DWORD,BOOL,LPCWSTR)”: 无法将参数 3 从“char [50]”转换为“LPCWSTR”
E:\Remote Control\PCRemote\MainDll\dllmain.cpp(89,49): message : 与指向的类型无关；强制转换要求 reinterpret_cast、C 样式强制转换或函数样式强制转换
D:\Windows Kits\10\Include\10.0.18362.0\um\synchapi.h(507,1): message : 参见“OpenEventW”的声明
E:\Remote Control\PCRemote\MainDll\dllmain.cpp(120,6): error C2664: “bool CClientSocket::Connect(LPCTSTR,UINT)”: 无法将参数 1 从“char *”转换为“LPCTSTR”
E:\Remote Control\PCRemote\MainDll\dllmain.cpp(120,29): message : 与指向的类型无关；强制转换要求 reinterpret_cast、C 样式强制转换或函数样式强制转换
E:\Remote Control\PCRemote\MainDll\ClientSocket.h(84,7): message : 参见“CClientSocket::Connect”的声明
E:\Remote Control\PCRemote\MainDll\dllmain.cpp(127,76): error C2664: “int sendLoginInfo(LPCTSTR,CClientSocket *,DWORD)”: 无法将参数 1 从“char [256]”转换为“LPCTSTR”
E:\Remote Control\PCRemote\MainDll\dllmain.cpp(127,17): message : 与指向的类型无关；强制转换要求 reinterpret_cast、C 样式强制转换或函数样式强制转换
E:\Remote Control\PCRemote\MainDll\common\login.h(175,5): message : 参见“sendLoginInfo”的声明
E:\Remote Control\PCRemote\MainDll\dllmain.cpp(128,105): error C2664: “CKernelManager::CKernelManager(const CKernelManager &)”: 无法将参数 2 从“char [256]”转换为“LPCTSTR”
E:\Remote Control\PCRemote\MainDll\dllmain.cpp(128,41): message : 与指向的类型无关；强制转换要求 reinterpret_cast、C 样式强制转换或函数样式强制转换
E:\Remote Control\PCRemote\MainDll\common\KernelManager.h(17,2): message : 参见“CKernelManager::CKernelManager”的声明
E:\Remote Control\PCRemote\MainDll\dllmain.cpp(148,60): error C2664: “HANDLE OpenEventW(DWORD,BOOL,LPCWSTR)”: 无法将参数 3 从“char [50]”转换为“LPCWSTR”
E:\Remote Control\PCRemote\MainDll\dllmain.cpp(148,48): message : 与指向的类型无关；强制转换要求 reinterpret_cast、C 样式强制转换或函数样式强制转换
D:\Windows Kits\10\Include\10.0.18362.0\um\synchapi.h(507,1): message : 参见“OpenEventW”的声明
E:\Remote Control\PCRemote\MainDll\dllmain.cpp(181,1): error C4996: 'strcpy': This function or variable may be unsafe. Consider using strcpy_s instead. To disable deprecation, use _CRT_SECURE_NO_WARNINGS. See online help for details.
D:\Windows Kits\10\Include\10.0.18362.0\ucrt\string.h(133): message : 参见“strcpy”的声明
  正在生成代码...
